spawn sudo virsh console vm6
Connected to domain vm6
Escape character is ^]


Login incorrect


Authorized users only. All activities may be monitored and reported.
localhost login: root
Password: 
Last login: Fri May  9 21:14:37 on ttyS0

Authorized users only. All activities may be monitored and reported.
[root@localhost ~]# 正在扫描可见域内低轨卫星IP: 10.0.64.62
/home/resource_manager/resource_request.sh -p passw0rd@123 -u root -i 10.0.64.62
正在执行远程命令：/home/resource_manager/status_sender_activate.sh --ip 10.0.64.22

Authorized users only. All activities may be monitored and reported.
/home/resource_manager/status_sender_activate.sh: line 79: dlsmi: command not found
/home/resource_manager/status_sender_activate.sh: line 80: dlsmi: command not found
[2025-05-09 21:34:49] 主动请求已接收，开始发送状态文件到 10.0.64.22:/home/resource_manager/resource_info

Authorized users only. All activities may be monitored and reported.
[2025-05-09 21:34:50] 状态文件发送成功
[成功] 命令已执行: /home/resource_manager/status_sender_activate.sh --ip 10.0.64.22
[root@localhost ~]# 获取成功直接转发nocc
62
16
退出TSN的VM控制
警告：主逻辑中发生错误：can't read "file": no such variable
